<?xml version="1.0" encoding="UTF-8"?>
<!-- Generated by org.testng.reporters.JUnitXMLReporter -->
<testsuite ignored="0" hostname="LAPTOP-5NCOMTR9" failures="1" tests="3" name="Default test" time="27.323" errors="0" timestamp="2024-03-19T11:05:55 IST">
  <testcase classname="io.cucumber.testng.AbstractTestNGCucumberTests" name="runScenario" time="21.987">
    <failure type="java.lang.AssertionError" message="The following asserts failed:
	expected [No data] but found [Beetroot]">
      <![CDATA[java.lang.AssertionError: The following asserts failed:
expected [No data] but found [Beetroot]
at org.testng.asserts.SoftAssert.assertAll(SoftAssert.java:46)
at org.testng.asserts.SoftAssert.assertAll(SoftAssert.java:30)
at stepDefinitions.OffersPageStepDefinitions.user_search_the_same_product_on_offers_page_and_check_product_exist(OffersPageStepDefinitions.java:41)
at âœ½.user search the same product Beet on offers page and check product exist(file:///C:/Users/ritik/SeleniumFramework/GreekKart/src/test/java/features/searchProduct.feature:7)
]]>
    </failure>
  </testcase> <!-- runScenario -->
  <testcase classname="io.cucumber.testng.AbstractTestNGCucumberTests" name="runScenario" time="23.268"/>
  <testcase classname="io.cucumber.testng.AbstractTestNGCucumberTests" name="runScenario" time="25.403"/>
</testsuite> <!-- Default test -->
