<?xml version="1.0" encoding="UTF-8"?>
<!-- Generated by org.testng.reporters.JUnitReportReporter -->
<testsuite hostname="LAPTOP-5NCOMTR9" failures="1" tests="2" name="cucumberOptions.FailedTestNGRunner" time="19.879" errors="0" timestamp="2024-03-19T14:08:51 IST" skipped="0">
  <testcase classname="cucumberOptions.FailedTestNGRunner" name="runScenario" time="7.891">
    <failure message="The following asserts failed:
	expected [No data] but found [Beetroot]" type="java.lang.AssertionError">
      <![CDATA[java.lang.AssertionError: The following asserts failed:
expected [No data] but found [Beetroot]
at org.testng.asserts.SoftAssert.assertAll(SoftAssert.java:46)
at org.testng.asserts.SoftAssert.assertAll(SoftAssert.java:30)
at stepDefinitions.OffersPageStepDefinitions.user_search_the_same_product_on_offers_page_and_check_product_exist(OffersPageStepDefinitions.java:41)
at âœ½.user search the same product Beet on offers page and check product exist(file:///C:/Users/ritik/SeleniumFramework/GreekKart/src/test/java/features/searchProduct.feature:7)
]]>
    </failure>
  </testcase> <!-- runScenario -->
  <system-out/>
  <testcase classname="cucumberOptions.FailedTestNGRunner" name="runScenario" time="11.988"/>
  <system-out/>
</testsuite> <!-- cucumberOptions.FailedTestNGRunner -->
